This file contains any messages produced by compilers while
running configure, to aid debugging if configure makes a mistake.

It was created by configure, which was
generated by GNU Autoconf 2.61.  Invocation command line was

  $ ./configure --prefix=/home/night/.emacs.d/lisp/

## --------- ##
## Platform. ##
## --------- ##

hostname = nightmother
uname -m = x86_64
uname -r = 2.6.35-22-server
uname -s = Linux
uname -v = #34~lucid1-Ubuntu SMP Mon Oct 11 14:51:09 UTC 2010

/usr/bin/uname -p = unknown
/bin/uname -X     = unknown

/bin/arch              = unknown
/usr/bin/arch -k       = unknown
/usr/convex/getsysinfo = unknown
/usr/bin/hostinfo      = unknown
/bin/machine           = unknown
/usr/bin/oslevel       = unknown
/bin/universe          = unknown

PATH: /usr/local/sbin
PATH: /usr/local/bin
PATH: /usr/sbin
PATH: /usr/bin
PATH: /sbin
PATH: /bin
PATH: /usr/games


## ----------- ##
## Core tests. ##
## ----------- ##

configure:1725: checking for a BSD-compatible install
configure:1781: result: /usr/bin/install -c
configure:1792: checking whether build environment is sane
configure:1835: result: yes
configure:1863: checking for a thread-safe mkdir -p
configure:1902: result: /bin/mkdir -p
configure:1915: checking for gawk
configure:1931: found /usr/bin/gawk
configure:1942: result: gawk
configure:1953: checking whether make sets $(MAKE)
configure:1974: result: yes
configure:2162: checking whether to enable maintainer-specific portions of Makefiles
configure:2171: result: no
configure:2196: checking build system type
configure:2214: result: x86_64-unknown-linux-gnu
configure:2236: checking host system type
configure:2251: result: x86_64-unknown-linux-gnu
configure:2322: checking for cvs
configure:2350: result: :
configure:2358: checking whether ln -s works
configure:2362: result: yes
configure:2374: checking for emacs
configure:2390: found /usr/bin/emacs
configure:2401: result: emacs
configure:2419: checking detecting your emacs type
configure:2436: result: emacs21
configure:2495: checking where .elc files should go
configure:2524: result: /usr/share/emacs/site-lisp
configure:2544: checking where howm files should go
configure:2552: result: ${lispdir}/howm
configure:2598: checking where ext files should go
configure:2606: result: ${datadir}/howm/ext
configure:2784: creating ./config.status

## ---------------------- ##
## Running config.status. ##
## ---------------------- ##

This file was extended by config.status, which was
generated by GNU Autoconf 2.61.  Invocation command line was

  CONFIG_FILES    = 
  CONFIG_HEADERS  = 
  CONFIG_LINKS    = 
  CONFIG_COMMANDS = 
  $ ./config.status 

on nightmother

config.status:622: creating Makefile
config.status:622: creating doc/Makefile
config.status:622: creating ext/Makefile
config.status:622: creating en/Makefile
config.status:622: creating ja/Makefile
config.status:622: creating sample/Makefile

## ---------------- ##
## Cache variables. ##
## ---------------- ##

ac_cv_build=x86_64-unknown-linux-gnu
ac_cv_env_build_alias_set=
ac_cv_env_build_alias_value=
ac_cv_env_host_alias_set=
ac_cv_env_host_alias_value=
ac_cv_env_target_alias_set=
ac_cv_env_target_alias_value=
ac_cv_host=x86_64-unknown-linux-gnu
ac_cv_path_install='/usr/bin/install -c'
ac_cv_path_mkdir=/bin/mkdir
ac_cv_prog_AWK=gawk
ac_cv_prog_CVS=:
ac_cv_prog_EMACS=emacs
ac_cv_prog_make_make_set=yes
am_cv_lispdir=/usr/share/emacs/site-lisp

## ----------------- ##
## Output variables. ##
## ----------------- ##

ACLOCAL='${SHELL} /home/night/Download/howm-1.3.9.2rc1/missing --run aclocal-1.10'
AMTAR='${SHELL} /home/night/Download/howm-1.3.9.2rc1/missing --run tar'
AUTOCONF='${SHELL} /home/night/Download/howm-1.3.9.2rc1/missing --run autoconf'
AUTOHEADER='${SHELL} /home/night/Download/howm-1.3.9.2rc1/missing --run autoheader'
AUTOMAKE='${SHELL} /home/night/Download/howm-1.3.9.2rc1/missing --run automake-1.10'
AWK='gawk'
CVS=':'
CYGPATH_W='echo'
DEFS='-DPACKAGE_NAME=\"\" -DPACKAGE_TARNAME=\"\" -DPACKAGE_VERSION=\"\" -DPACKAGE_STRING=\"\" -DPACKAGE_BUGREPORT=\"\" -DPACKAGE=\"howm\" -DVERSION=\"1.3.9.2rc1\"'
ECHO_C=''
ECHO_N='-n'
ECHO_T=''
EMACS='emacs'
INSTALL_DATA='${INSTALL} -m 644'
INSTALL_PROGRAM='${INSTALL}'
INSTALL_SCRIPT='${INSTALL}'
INSTALL_STRIP_PROGRAM='$(install_sh) -c -s'
LIBOBJS=''
LIBS=''
LN_S='ln -s'
LTLIBOBJS=''
MAINT='#'
MAINTAINER_MODE_FALSE=''
MAINTAINER_MODE_TRUE='#'
MAKEINFO='${SHELL} /home/night/Download/howm-1.3.9.2rc1/missing --run makeinfo'
PACKAGE='howm'
PACKAGE_BUGREPORT=''
PACKAGE_NAME=''
PACKAGE_STRING=''
PACKAGE_TARNAME=''
PACKAGE_VERSION=''
PATH_SEPARATOR=':'
SET_MAKE=''
SHELL='/bin/bash'
STRIP=''
VERSION='1.3.9.2rc1'
am__isrc=''
am__leading_dot='.'
am__tar='${AMTAR} chof - "$$tardir"'
am__untar='${AMTAR} xf -'
bindir='${exec_prefix}/bin'
build='x86_64-unknown-linux-gnu'
build_alias=''
build_cpu='x86_64'
build_os='linux-gnu'
build_vendor='unknown'
datadir='${datarootdir}'
datarootdir='${prefix}/share'
docdir='${datarootdir}/doc/${PACKAGE}'
dvidir='${docdir}'
exec_prefix='${prefix}'
extdir='${datadir}/howm/ext'
host='x86_64-unknown-linux-gnu'
host_alias=''
host_cpu='x86_64'
host_os='linux-gnu'
host_vendor='unknown'
howmdir='${lispdir}/howm'
htmldir='${docdir}'
includedir='${prefix}/include'
infodir='${datarootdir}/info'
install_sh='$(SHELL) /home/night/Download/howm-1.3.9.2rc1/install-sh'
libdir='${exec_prefix}/lib'
libexecdir='${exec_prefix}/libexec'
lispdir='/usr/share/emacs/site-lisp'
localedir='${datarootdir}/locale'
localstatedir='${prefix}/var'
mandir='${datarootdir}/man'
mkdir_p='/bin/mkdir -p'
oldincludedir='/usr/include'
packagedir=''
pdfdir='${docdir}'
prefix='/home/night/.emacs.d/lisp/'
program_transform_name='s,x,x,'
psdir='${docdir}'
sbindir='${exec_prefix}/sbin'
sharedstatedir='${prefix}/com'
sysconfdir='${prefix}/etc'
target_alias=''

## ----------- ##
## confdefs.h. ##
## ----------- ##

#define PACKAGE_NAME ""
#define PACKAGE_TARNAME ""
#define PACKAGE_VERSION ""
#define PACKAGE_STRING ""
#define PACKAGE_BUGREPORT ""
#define PACKAGE "howm"
#define VERSION "1.3.9.2rc1"

configure: exit 0
